<?xml version="1.0" encoding="UTF-8"?>
<!-- Generated by org.testng.reporters.JUnitReportReporter -->
<testsuite hostname="DESKTOP-5UKM8NQ" failures="0" tests="1" name="api.hrms.SampleTest" time="6.656" errors="0" timestamp="2023-07-07T12:02:18 IST" skipped="0">
  <testcase classname="api.hrms.SampleTest" name="Authenticate_User" time="6.656"/>
  <system-out/>
</testsuite> <!-- api.hrms.SampleTest -->
